2023-11-07 14:54:59,284 [main] DEBUG api.Test.UserTest2 - **** creating user ***
2023-11-07 14:55:04,159 [main] DEBUG api.Test.UserTest2 - **** user created ***
2023-11-07 14:55:04,214 [main] DEBUG api.Test.UserTest2 - **** reading user data ***
2023-11-07 14:55:05,763 [main] DEBUG api.Test.UserTest2 - **** user data sussesfully fetched ***
2023-11-07 14:55:05,771 [main] DEBUG api.Test.UserTest2 - **** updating user ***
2023-11-07 14:55:08,719 [main] DEBUG api.Test.UserTest2 - **** user updated ***
2023-11-07 14:55:08,725 [main] DEBUG api.Test.UserTest2 - **** deleting user ***
2023-11-07 14:55:10,172 [main] DEBUG api.Test.UserTest2 - **** user deleted ***
2023-11-07 14:55:11,424 [main] DEBUG api.Test.UserTest - **** creating user ***
2023-11-07 14:55:12,741 [main] DEBUG api.Test.UserTest - **** user created ***
2023-11-07 14:55:12,747 [main] DEBUG api.Test.UserTest - **** reading user data ***
2023-11-07 14:55:14,499 [main] DEBUG api.Test.UserTest - **** updating user ***
2023-11-07 14:55:17,486 [main] DEBUG api.Test.UserTest - **** user updated ***
2023-11-07 14:55:17,491 [main] DEBUG api.Test.UserTest - **** deleting user ***
2023-11-07 14:55:18,724 [main] DEBUG api.Test.UserTest - **** user deleted ***
2023-11-07 14:57:17,833 [main] DEBUG api.Test.UserTest - **** creating user ***
2023-11-07 14:57:24,818 [main] DEBUG api.Test.UserTest - **** user created ***
2023-11-07 14:57:24,849 [main] DEBUG api.Test.UserTest - **** reading user data ***
2023-11-07 14:57:26,301 [main] DEBUG api.Test.UserTest - **** user data sussesfully fetched ***
2023-11-07 14:57:26,307 [main] DEBUG api.Test.UserTest - **** updating user ***
2023-11-07 14:57:33,285 [main] DEBUG api.Test.UserTest - **** user updated ***
2023-11-07 14:57:33,290 [main] DEBUG api.Test.UserTest - **** deleting user ***
2023-11-07 14:57:34,709 [main] DEBUG api.Test.UserTest - **** user deleted ***
